2024-12-22 15:25:30.416 [info] Getting Manifest... kylinideteam.cppdebug
2024-12-22 15:25:31.440 [info] Installing extension: kylinideteam.cppdebug {"isMachineScoped":false,"installPreReleaseVersion":false,"pinned":false,"profileLocation":{"$mid":1,"external":"vscode-userdata:/home/mladen/.vscode-oss/extensions/extensions.json","path":"/home/mladen/.vscode-oss/extensions/extensions.json","scheme":"vscode-userdata"},"installOnlyNewlyAddedFromExtensionPack":true,"isApplicationScoped":false,"productVersion":{"version":"1.96.0","date":"2024-12-16T11:38:33.840Z"}}
2024-12-22 15:25:49.599 [error] Could not load vsce-sign module Cannot find package '@vscode/vsce-sign' imported from /usr/lib/code/out/vs/code/electron-utility/sharedProcess/sharedProcessMain.js
2024-12-22 15:25:49.599 [info] Extension signature verification is not done: kylinideteam.cppdebug
2024-12-22 15:25:51.368 [info] Extracted extension to file:///home/mladen/.vscode-oss/extensions/kylinideteam.cppdebug-0.0.8-linux-x64: kylinideteam.cppdebug
2024-12-22 15:25:51.386 [info] Renamed to /home/mladen/.vscode-oss/extensions/kylinideteam.cppdebug-0.0.8-linux-x64
2024-12-22 15:25:51.417 [info] Extension installed successfully: kylinideteam.cppdebug vscode-userdata:/home/mladen/.vscode-oss/extensions/extensions.json
2024-12-22 15:25:51.480 [error] [uncaught exception in sharedProcess]: Error: ENOENT: no such file or directory, stat '/home/mladen/.vscode-oss/extensions/extensions.json.vsctmp': EntryNotFound (FileSystemError): Error: ENOENT: no such file or directory, stat '/home/mladen/.vscode-oss/extensions/extensions.json.vsctmp'
    at Gm.create (file:///usr/lib/code/out/vs/code/electron-utility/sharedProcess/sharedProcessMain.js:35:39624)
    at xs (file:///usr/lib/code/out/vs/code/electron-utility/sharedProcess/sharedProcessMain.js:35:39731)
    at Vr.ib (file:///usr/lib/code/out/vs/code/electron-utility/sharedProcess/sharedProcessMain.js:78:22778)
    at Vr.stat (file:///usr/lib/code/out/vs/code/electron-utility/sharedProcess/sharedProcessMain.js:78:16010)
    at async wh.stat (file:///usr/lib/code/out/vs/code/electron-utility/sharedProcess/sharedProcessMain.js:77:85488)
    at async fh.Ab (file:///usr/lib/code/out/vs/code/electron-utility/sharedProcess/sharedProcessMain.js:77:67180)
2024-12-22 15:27:04.630 [info] Getting Manifest... llvm-vs-code-extensions.vscode-clangd
2024-12-22 15:27:05.188 [info] Installing extension: llvm-vs-code-extensions.vscode-clangd {"isMachineScoped":false,"installPreReleaseVersion":false,"pinned":false,"profileLocation":{"$mid":1,"external":"vscode-userdata:/home/mladen/.vscode-oss/extensions/extensions.json","path":"/home/mladen/.vscode-oss/extensions/extensions.json","scheme":"vscode-userdata"},"installOnlyNewlyAddedFromExtensionPack":true,"isApplicationScoped":false,"productVersion":{"version":"1.96.0","date":"2024-12-16T11:38:33.840Z"}}
2024-12-22 15:27:07.188 [error] Could not load vsce-sign module Cannot find package '@vscode/vsce-sign' imported from /usr/lib/code/out/vs/code/electron-utility/sharedProcess/sharedProcessMain.js
2024-12-22 15:27:07.189 [info] Extension signature verification is not done: llvm-vs-code-extensions.vscode-clangd
2024-12-22 15:27:07.240 [info] Extracted extension to file:///home/mladen/.vscode-oss/extensions/llvm-vs-code-extensions.vscode-clangd-0.1.33-universal: llvm-vs-code-extensions.vscode-clangd
2024-12-22 15:27:07.248 [info] Renamed to /home/mladen/.vscode-oss/extensions/llvm-vs-code-extensions.vscode-clangd-0.1.33-universal
2024-12-22 15:27:07.275 [info] Extension installed successfully: llvm-vs-code-extensions.vscode-clangd vscode-userdata:/home/mladen/.vscode-oss/extensions/extensions.json
2024-12-22 15:27:07.336 [error] [uncaught exception in sharedProcess]: Error: ENOENT: no such file or directory, stat '/home/mladen/.vscode-oss/extensions/extensions.json.vsctmp': EntryNotFound (FileSystemError): Error: ENOENT: no such file or directory, stat '/home/mladen/.vscode-oss/extensions/extensions.json.vsctmp'
    at Gm.create (file:///usr/lib/code/out/vs/code/electron-utility/sharedProcess/sharedProcessMain.js:35:39624)
    at xs (file:///usr/lib/code/out/vs/code/electron-utility/sharedProcess/sharedProcessMain.js:35:39731)
    at Vr.ib (file:///usr/lib/code/out/vs/code/electron-utility/sharedProcess/sharedProcessMain.js:78:22778)
    at Vr.stat (file:///usr/lib/code/out/vs/code/electron-utility/sharedProcess/sharedProcessMain.js:78:16010)
    at async wh.stat (file:///usr/lib/code/out/vs/code/electron-utility/sharedProcess/sharedProcessMain.js:77:85488)
    at async fh.Ab (file:///usr/lib/code/out/vs/code/electron-utility/sharedProcess/sharedProcessMain.js:77:67180)
