2024-12-22 13:55:11.320 [info] [main] Log level: Info
2024-12-22 13:55:11.320 [info] [main] Validating found git in: "git"
2024-12-22 13:55:11.320 [info] [main] Using git "2.47.1" from "git"
2024-12-22 13:55:11.320 [info] [Model][doInitialScan] Initial repository scan started
2024-12-22 13:55:11.320 [info] > git rev-parse --show-toplevel [5ms]
2024-12-22 13:55:11.320 [info] fatal: not a git repository (or any of the parent directories): .git
2024-12-22 13:55:11.320 [info] > git rev-parse --show-toplevel [4ms]
2024-12-22 13:55:11.320 [info] fatal: not a git repository (or any of the parent directories): .git
2024-12-22 13:55:11.369 [info] > git rev-parse --show-toplevel [40ms]
2024-12-22 13:55:11.369 [info] fatal: not a git repository (or any of the parent directories): .git
2024-12-22 13:55:11.394 [info] > git rev-parse --show-toplevel [4ms]
2024-12-22 13:55:11.394 [info] fatal: not a git repository (or any of the parent directories): .git
2024-12-22 13:55:11.419 [info] > git rev-parse --show-toplevel [7ms]
2024-12-22 13:55:11.419 [info] fatal: not a git repository (or any of the parent directories): .git
2024-12-22 13:55:11.431 [info] > git rev-parse --show-toplevel [2ms]
2024-12-22 13:55:11.431 [info] fatal: not a git repository (or any of the parent directories): .git
2024-12-22 13:55:11.441 [info] > git rev-parse --show-toplevel [2ms]
2024-12-22 13:55:11.441 [info] fatal: not a git repository (or any of the parent directories): .git
2024-12-22 13:55:11.442 [info] [Model][doInitialScan] Initial repository scan completed - repositories (0), closed repositories (0), parent repositories (0), unsafe repositories (0)
2024-12-22 13:55:11.453 [info] > git rev-parse --show-toplevel [1ms]
2024-12-22 13:55:11.453 [info] fatal: not a git repository (or any of the parent directories): .git
2024-12-22 13:55:11.849 [info] > git rev-parse --show-toplevel [2ms]
2024-12-22 13:55:11.849 [info] fatal: not a git repository (or any of the parent directories): .git
