2024-12-27 21:41:53.932 [info] Extension host with pid 9498 started
2024-12-27 21:41:53.932 [info] Skipping acquiring lock for /home/mladen/.config/Code - OSS/User/workspaceStorage/b2c19cb292047c8cdb328abaa404e5f0.
2024-12-27 21:41:54.276 [info] ExtensionService#_doActivateExtension vscode.emmet, startup: false, activationEvent: 'onLanguage'
2024-12-27 21:41:54.313 [info] ExtensionService#_doActivateExtension cschlosser.doxdocgen, startup: false, activationEvent: 'onLanguage:cpp'
2024-12-27 21:41:54.402 [info] ExtensionService#_doActivateExtension vadimcn.vscode-lldb, startup: false, activationEvent: 'onLanguage:cpp', root cause: franneck94.c-cpp-runner
2024-12-27 21:41:54.433 [info] ExtensionService#_doActivateExtension KylinIdeTeam.cppdebug, startup: false, activationEvent: 'onLanguage:cpp'
2024-12-27 21:41:54.448 [info] ExtensionService#_doActivateExtension llvm-vs-code-extensions.vscode-clangd, startup: false, activationEvent: 'onLanguage:cpp'
2024-12-27 21:41:55.208 [info] ExtensionService#_doActivateExtension franneck94.c-cpp-runner, startup: false, activationEvent: 'onLanguage:cpp'
2024-12-27 21:41:55.224 [info] ExtensionService#_doActivateExtension vscode.git-base, startup: true, activationEvent: '*', root cause: vscode.git
2024-12-27 21:41:55.358 [info] ExtensionService#_doActivateExtension vscode.git, startup: true, activationEvent: '*'
2024-12-27 21:41:55.484 [info] ExtensionService#_doActivateExtension vscode.github, startup: true, activationEvent: '*'
2024-12-27 21:41:55.602 [info] Eager extensions activated
2024-12-27 21:41:55.641 [info] ExtensionService#_doActivateExtension vscode.debug-auto-launch, startup: false, activationEvent: 'onStartupFinished'
2024-12-27 21:41:55.656 [info] ExtensionService#_doActivateExtension vscode.merge-conflict, startup: false, activationEvent: 'onStartupFinished'
2024-12-27 21:41:55.694 [info] ExtensionService#_doActivateExtension franneck94.vscode-c-cpp-config, startup: false, activationEvent: 'onStartupFinished'
2024-12-27 21:41:56.420 [error] [llvm-vs-code-extensions.vscode-clangd] provider FAILED
2024-12-27 21:41:56.420 [error] {"a":true,"b":null}
2024-12-27 21:41:56.421 [error] [llvm-vs-code-extensions.vscode-clangd] provider FAILED
2024-12-27 21:41:56.421 [error] {"a":true,"b":null}
2024-12-27 21:41:56.423 [error] [llvm-vs-code-extensions.vscode-clangd] provider FAILED
2024-12-27 21:41:56.423 [error] {"a":true,"b":null}
2024-12-27 21:41:56.426 [error] [llvm-vs-code-extensions.vscode-clangd] provider FAILED
2024-12-27 21:41:56.426 [error] {"a":true,"b":null}
2024-12-27 21:44:53.777 [info] ExtensionService#_doActivateExtension vscode.configuration-editing, startup: false, activationEvent: 'onLanguage:jsonc'
2024-12-27 21:44:53.797 [info] ExtensionService#_doActivateExtension vscode.json-language-features, startup: false, activationEvent: 'onLanguage:jsonc'
2024-12-27 21:44:53.906 [info] ExtensionService#_doActivateExtension vscode.typescript-language-features, startup: false, activationEvent: 'onLanguage:jsonc'
2024-12-27 21:45:11.986 [error] [llvm-vs-code-extensions.vscode-clangd] provider FAILED
2024-12-27 21:45:11.986 [error] {"a":true,"b":null}
2024-12-27 22:33:25.322 [error] [llvm-vs-code-extensions.vscode-clangd] provider FAILED
2024-12-27 22:33:25.322 [error] {"a":true,"b":null}
2024-12-27 22:33:25.779 [error] [llvm-vs-code-extensions.vscode-clangd] provider FAILED
2024-12-27 22:33:25.779 [error] {"a":true,"b":null}
2024-12-27 22:35:33.248 [info] Extension host terminating: renderer closed the MessagePort
2024-12-27 22:35:33.269 [error] Canceled: Canceled
	at new IT (file:///usr/lib/code/out/vs/workbench/api/node/extensionHostProcess.js:32:110702)
	at Dy.U (file:///usr/lib/code/out/vs/workbench/api/node/extensionHostProcess.js:32:115312)
	at s.<computed>.n.charCodeAt.s.<computed> (file:///usr/lib/code/out/vs/workbench/api/node/extensionHostProcess.js:32:112806)
	at cw.g (file:///usr/lib/code/out/vs/workbench/api/node/extensionHostProcess.js:115:32313)
	at cw.executeCommand (file:///usr/lib/code/out/vs/workbench/api/node/extensionHostProcess.js:115:31817)
	at r.registerCommand.description (file:///usr/lib/code/out/vs/workbench/api/node/extensionHostProcess.js:115:31147)
	at cw.h (file:///usr/lib/code/out/vs/workbench/api/node/extensionHostProcess.js:115:32833)
	at cw.g (file:///usr/lib/code/out/vs/workbench/api/node/extensionHostProcess.js:115:31910)
	at cw.executeCommand (file:///usr/lib/code/out/vs/workbench/api/node/extensionHostProcess.js:115:31817)
	at Object.executeCommand (file:///usr/lib/code/out/vs/workbench/api/node/extensionHostProcess.js:157:37484)
	at setContextValue (/home/mladen/.vscode-oss/extensions/franneck94.c-cpp-runner-9.4.7-universal/dist/main.js:5980:28)
	at Object.deactivate (/home/mladen/.vscode-oss/extensions/franneck94.c-cpp-runner-9.4.7-universal/dist/main.js:3869:39)
	at zz.eb (file:///usr/lib/code/out/vs/workbench/api/node/extensionHostProcess.js:119:11724)
	at file:///usr/lib/code/out/vs/workbench/api/node/extensionHostProcess.js:119:9874
	at Array.map (<anonymous>)
	at zz.$ (file:///usr/lib/code/out/vs/workbench/api/node/extensionHostProcess.js:119:9862)
	at zz.terminate (file:///usr/lib/code/out/vs/workbench/api/node/extensionHostProcess.js:119:10105)
	at QC.terminate (file:///usr/lib/code/out/vs/workbench/api/node/extensionHostProcess.js:120:1424)
	at Zi (file:///usr/lib/code/out/vs/workbench/api/node/extensionHostProcess.js:175:15080)
	at MessagePortMain.<anonymous> (file:///usr/lib/code/out/vs/workbench/api/node/extensionHostProcess.js:175:11628)
	at MessagePortMain.emit (node:events:518:28)
	at MessagePortMain._internalPort.emit (node:electron/js2c/utility_init:2:2949) setContext undefined
2024-12-27 22:35:33.272 [info] Extension host with pid 9498 exiting with code 0
