2024-12-22 15:24:34.082 [info] [main] Log level: Info
2024-12-22 15:24:34.082 [info] [main] Validating found git in: "git"
2024-12-22 15:24:34.082 [info] [main] Using git "2.47.1" from "git"
2024-12-22 15:24:34.082 [info] [Model][doInitialScan] Initial repository scan started
2024-12-22 15:24:34.082 [info] > git rev-parse --show-toplevel [9ms]
2024-12-22 15:24:34.082 [info] fatal: not a git repository (or any of the parent directories): .git
2024-12-22 15:24:34.082 [info] > git rev-parse --show-toplevel [44ms]
2024-12-22 15:24:34.082 [info] fatal: not a git repository (or any of the parent directories): .git
2024-12-22 15:24:34.093 [info] > git rev-parse --show-toplevel [2ms]
2024-12-22 15:24:34.093 [info] fatal: not a git repository (or any of the parent directories): .git
2024-12-22 15:24:34.105 [info] > git rev-parse --show-toplevel [2ms]
2024-12-22 15:24:34.105 [info] fatal: not a git repository (or any of the parent directories): .git
2024-12-22 15:24:34.116 [info] > git rev-parse --show-toplevel [2ms]
2024-12-22 15:24:34.116 [info] fatal: not a git repository (or any of the parent directories): .git
2024-12-22 15:24:34.128 [info] > git rev-parse --show-toplevel [3ms]
2024-12-22 15:24:34.128 [info] fatal: not a git repository (or any of the parent directories): .git
2024-12-22 15:24:34.140 [info] > git rev-parse --show-toplevel [2ms]
2024-12-22 15:24:34.140 [info] fatal: not a git repository (or any of the parent directories): .git
2024-12-22 15:24:34.140 [info] [Model][doInitialScan] Initial repository scan completed - repositories (0), closed repositories (0), parent repositories (0), unsafe repositories (0)
2024-12-22 15:24:34.186 [info] > git rev-parse --show-toplevel [2ms]
2024-12-22 15:24:34.186 [info] fatal: not a git repository (or any of the parent directories): .git
2024-12-22 15:24:34.897 [info] > git rev-parse --show-toplevel [2ms]
2024-12-22 15:24:34.897 [info] fatal: not a git repository (or any of the parent directories): .git
2024-12-22 15:27:07.352 [info] > git rev-parse --show-toplevel [7ms]
2024-12-22 15:27:07.352 [info] fatal: not a git repository (or any of the parent directories): .git
