2024-12-27 21:41:55.718 [info] [main] Log level: Info
2024-12-27 21:41:55.718 [info] [main] Validating found git in: "git"
2024-12-27 21:41:55.718 [info] [main] Using git "2.47.1" from "git"
2024-12-27 21:41:55.718 [info] [Model][doInitialScan] Initial repository scan started
2024-12-27 21:41:55.718 [info] > git rev-parse --show-toplevel [8ms]
2024-12-27 21:41:55.718 [info] fatal: not a git repository (or any of the parent directories): .git
2024-12-27 21:41:55.718 [info] > git rev-parse --show-toplevel [54ms]
2024-12-27 21:41:55.718 [info] fatal: not a git repository (or any of the parent directories): .git
2024-12-27 21:41:55.731 [info] > git rev-parse --show-toplevel [2ms]
2024-12-27 21:41:55.731 [info] fatal: not a git repository (or any of the parent directories): .git
2024-12-27 21:41:55.742 [info] > git rev-parse --show-toplevel [1ms]
2024-12-27 21:41:55.742 [info] fatal: not a git repository (or any of the parent directories): .git
2024-12-27 21:41:55.753 [info] > git rev-parse --show-toplevel [1ms]
2024-12-27 21:41:55.753 [info] fatal: not a git repository (or any of the parent directories): .git
2024-12-27 21:41:55.764 [info] > git rev-parse --show-toplevel [2ms]
2024-12-27 21:41:55.764 [info] fatal: not a git repository (or any of the parent directories): .git
2024-12-27 21:41:55.774 [info] > git rev-parse --show-toplevel [2ms]
2024-12-27 21:41:55.774 [info] fatal: not a git repository (or any of the parent directories): .git
2024-12-27 21:41:55.775 [info] [Model][doInitialScan] Initial repository scan completed - repositories (0), closed repositories (0), parent repositories (0), unsafe repositories (0)
2024-12-27 21:41:55.892 [info] > git rev-parse --show-toplevel [2ms]
2024-12-27 21:41:55.892 [info] fatal: not a git repository (or any of the parent directories): .git
2024-12-27 21:41:56.113 [info] > git rev-parse --show-toplevel [3ms]
2024-12-27 21:41:56.113 [info] fatal: not a git repository (or any of the parent directories): .git
2024-12-27 21:44:54.047 [info] > git rev-parse --show-toplevel [4ms]
2024-12-27 21:44:54.047 [info] fatal: not a git repository (or any of the parent directories): .git
2024-12-27 21:44:55.406 [info] > git rev-parse --show-toplevel [3ms]
2024-12-27 21:44:55.406 [info] fatal: not a git repository (or any of the parent directories): .git
2024-12-27 21:45:46.726 [info] > git rev-parse --show-toplevel [3ms]
2024-12-27 21:45:46.726 [info] fatal: not a git repository (or any of the parent directories): .git
2024-12-27 21:45:50.832 [info] > git rev-parse --show-toplevel [3ms]
2024-12-27 21:45:50.832 [info] fatal: not a git repository (or any of the parent directories): .git
